TN:
SF:src\App.tsx
FN:17,(anonymous_8)
FN:21,(anonymous_9)
FN:22,(anonymous_10)
FN:22,(anonymous_11)
FN:33,(anonymous_12)
FN:33,(anonymous_13)
FN:37,(anonymous_14)
FN:44,(anonymous_15)
FN:44,(anonymous_16)
FN:47,(anonymous_17)
FN:47,(anonymous_18)
FN:53,(anonymous_19)
FN:53,(anonymous_20)
FN:63,(anonymous_21)
FN:64,(anonymous_22)
FN:82,(anonymous_23)
FNF:16
FNH:0
FNDA:0,(anonymous_8)
FNDA:0,(anonymous_9)
FNDA:0,(anonymous_10)
FNDA:0,(anonymous_11)
FNDA:0,(anonymous_12)
FNDA:0,(anonymous_13)
FNDA:0,(anonymous_14)
FNDA:0,(anonymous_15)
FNDA:0,(anonymous_16)
FNDA:0,(anonymous_17)
FNDA:0,(anonymous_18)
FNDA:0,(anonymous_19)
FNDA:0,(anonymous_20)
FNDA:0,(anonymous_21)
FNDA:0,(anonymous_22)
FNDA:0,(anonymous_23)
DA:1,0
DA:2,0
DA:8,0
DA:9,0
DA:17,0
DA:18,0
DA:19,0
DA:21,0
DA:22,0
DA:23,0
DA:24,0
DA:25,0
DA:27,0
DA:30,0
DA:33,0
DA:34,0
DA:35,0
DA:36,0
DA:37,0
DA:38,0
DA:40,0
DA:44,0
DA:45,0
DA:46,0
DA:47,0
DA:49,0
DA:53,0
DA:54,0
DA:56,0
DA:57,0
DA:61,0
DA:63,0
DA:64,0
DA:65,0
DA:69,0
DA:71,0
DA:75,0
DA:82,0
DA:96,0
LF:39
LH:0
BRDA:34,0,0,0
BRDA:65,1,0,0
BRDA:65,1,1,0
BRF:3
BRH:0
end_of_record
TN:
SF:src\main.tsx
FNF:0
FNH:0
DA:1,0
DA:2,0
DA:3,0
DA:5,0
LF:4
LH:0
BRF:0
BRH:0
end_of_record
TN:
SF:src\api\API.ts
FN:1,(anonymous_7)
FN:1,(anonymous_8)
FN:10,(anonymous_9)
FN:10,(anonymous_10)
FN:23,(anonymous_11)
FN:23,(anonymous_12)
FN:31,(anonymous_13)
FN:34,(anonymous_14)
FN:59,oo_cm
FNF:9
FNH:9
FNDA:2,(anonymous_7)
FNDA:2,(anonymous_8)
FNDA:2,(anonymous_9)
FNDA:2,(anonymous_10)
FNDA:2,(anonymous_11)
FNDA:2,(anonymous_12)
FNDA:2,(anonymous_13)
FNDA:2,(anonymous_14)
FNDA:3,oo_cm
DA:1,2
DA:2,2
DA:6,2
DA:7,1
DA:10,2
DA:11,2
DA:19,2
DA:20,1
DA:23,2
DA:24,2
DA:28,2
DA:31,1
DA:34,2
DA:35,2
DA:39,2
DA:47,2
DA:48,1
DA:51,1
DA:59,3
LF:19
LH:19
BRDA:6,0,0,1
BRDA:19,1,0,1
BRDA:28,2,0,1
BRDA:47,3,0,1
BRDA:59,4,0,3
BRDA:59,4,1,1
BRF:6
BRH:6
end_of_record
TN:
SF:src\components\TaskItem.tsx
FN:11,(anonymous_7)
FN:20,(anonymous_8)
FN:24,(anonymous_9)
FN:24,(anonymous_10)
FN:50,(anonymous_11)
FN:62,oo_cm
FNF:6
FNH:6
FNDA:12,(anonymous_7)
FNDA:8,(anonymous_8)
FNDA:2,(anonymous_9)
FNDA:2,(anonymous_10)
FNDA:2,(anonymous_11)
FNDA:4,oo_cm
DA:1,2
DA:11,2
DA:18,12
DA:20,12
DA:21,8
DA:24,12
DA:25,2
DA:26,2
DA:28,2
DA:32,2
DA:33,2
DA:34,2
DA:36,0
DA:37,0
DA:41,12
DA:50,2
DA:55,2
DA:62,4
LF:18
LH:16
BRDA:49,0,0,4
BRDA:49,0,1,8
BRDA:62,1,0,4
BRDA:62,1,1,1
BRF:4
BRH:4
end_of_record
TN:
SF:src\components\TaskList.tsx
FN:16,(anonymous_1)
FN:23,(anonymous_2)
FNF:2
FNH:2
FNDA:1,(anonymous_1)
FNDA:2,(anonymous_2)
DA:2,1
DA:16,1
DA:21,1
DA:24,2
DA:37,1
LF:5
LH:5
BRF:0
BRH:0
end_of_record
